[debug] [2017-10-01T17:27:28.022Z] ----------------------------------------------------------------------
[debug] [2017-10-01T17:27:28.024Z] Command:       /home/ubuntu/.nvm/versions/node/v8.1.2/bin/node /home/ubuntu/.nvm/versions/node/v8.1.2/bin/firebase serve --host 0.0.0.0 --port 8080
[debug] [2017-10-01T17:27:28.025Z] CLI Version:   3.12.0
[debug] [2017-10-01T17:27:28.025Z] Platform:      linux
[debug] [2017-10-01T17:27:28.025Z] Node Version:  v8.1.2
[debug] [2017-10-01T17:27:28.025Z] Time:          Sun Oct 01 2017 17:27:28 GMT+0000 (UTC)
[debug] [2017-10-01T17:27:28.025Z] ----------------------------------------------------------------------
[debug] 
[debug] [2017-10-01T17:27:28.038Z] > command requires scopes: ["email","openid","https://www.googleapis.com/auth/cloudplatformprojects.readonly","https://www.googleapis.com/auth/firebase","https://www.googleapis.com/auth/cloud-platform"]
[debug] [2017-10-01T17:27:28.039Z] > authorizing via signed-in user
[debug] [2017-10-01T17:27:28.041Z] > refreshing access token with scopes: ["email","https://www.googleapis.com/auth/cloud-platform","https://www.googleapis.com/auth/cloudplatformprojects.readonly","https://www.googleapis.com/auth/firebase","openid"]
[debug] [2017-10-01T17:27:28.041Z] >>> HTTP REQUEST POST https://www.googleapis.com/oauth2/v3/token { refresh_token: '1/O9c-636ApV4SKYRkCjoaWQ3DbB7DePwvHHC3wgy527E',
  client_id: '563584335869-fgrhgmd47bqnekij5i8b5pr03ho849e6.apps.googleusercontent.com',
  client_secret: 'j9iVZfS8kkCEFUPaAeJV0sAi',
  grant_type: 'refresh_token',
  scope: 'email https://www.googleapis.com/auth/cloud-platform https://www.googleapis.com/auth/cloudplatformprojects.readonly https://www.googleapis.com/auth/firebase openid' } 
 Sun Oct 01 2017 17:27:28 GMT+0000 (UTC)
[debug] [2017-10-01T17:27:28.117Z] <<< HTTP RESPONSE 200
[debug] [2017-10-01T17:27:28.138Z] >>> HTTP REQUEST GET https://admin.firebase.com/v1/projects/fb-movies-ef050  
 Sun Oct 01 2017 17:27:28 GMT+0000 (UTC)
[debug] [2017-10-01T17:27:28.296Z] <<< HTTP RESPONSE 200
[debug] [2017-10-01T17:27:28.297Z] >>> HTTP REQUEST GET https://admin.firebase.com/v1/database/fb-movies-ef050/tokens  
 Sun Oct 01 2017 17:27:28 GMT+0000 (UTC)
[debug] [2017-10-01T17:27:28.666Z] <<< HTTP RESPONSE 200
[info] 
[info] === Serving from '/home/ubuntu/workspace/fb-movies'...
[info] 
[debug] [2017-10-01T17:27:28.669Z] >>> HTTP REQUEST GET https://cloudresourcemanager.googleapis.com/v1/projects/fb-movies-ef050  
 Sun Oct 01 2017 17:27:28 GMT+0000 (UTC)
[debug] [2017-10-01T17:27:28.963Z] <<< HTTP RESPONSE 200
[debug] [2017-10-01T17:27:28.964Z] >>> HTTP REQUEST GET https://mobilesdk-pa.googleapis.com/v1/projects/927691247867/clients/_:getWebAppConfig  
 Sun Oct 01 2017 17:27:28 GMT+0000 (UTC)
[debug] [2017-10-01T17:27:29.111Z] <<< HTTP RESPONSE 200
[info] i  hosting: Serving hosting files from: public
[info] ✔  hosting: Local server: http://0.0.0.0:8080

